INFO:root:Файл subjects.csv с перечнем предметов  успешно создан.
INFO:root:Добавлена оценка 5 по предменту Математика для студента Белоусов Ярослав Александрович
INFO:root:Добавлена оценка 5 по предменту Информатика для студента Белоусов Ярослав Александрович
INFO:root:Добавлена оценка 4 по предменту Физика для студента Белоусов Ярослав Александрович
INFO:root:Добавлена оценка 5 по предменту Информатика для студента Белоусов Ярослав Александрович
INFO:root:Добавлен результат теста 94 по предменту Математика для студента Белоусов Ярослав Александрович
INFO:root:Добавлен результат теста 90 по предменту Информатика для студента Белоусов Ярослав Александрович
INFO:root:Добавлен результат теста 100 по предменту Физика для студента Белоусов Ярослав Александрович
INFO:root:Файл subjects.csv с перечнем предметов  успешно создан.
ERROR:__main__:ФИО должно содержать только буквы кириллицы и начинаться с заглавной буквы
INFO:root:Файл subjects.csv с перечнем предметов  успешно создан.
ERROR:__main__:Оценка должна быть в диапазоне от 2 до 5
INFO:root:Файл subjects.csv с перечнем предметов  успешно создан.
INFO:root:Добавлена оценка 5 по предменту Математика для студента Белоусов Ярослав Александрович
INFO:root:Добавлена оценка 5 по предменту Информатика для студента Белоусов Ярослав Александрович
INFO:root:Добавлена оценка 4 по предменту Физика для студента Белоусов Ярослав Александрович
INFO:root:Добавлена оценка 5 по предменту Информатика для студента Белоусов Ярослав Александрович
INFO:root:Добавлен результат теста 94 по предменту Математика для студента Белоусов Ярослав Александрович
INFO:root:Добавлен результат теста 90 по предменту Информатика для студента Белоусов Ярослав Александрович
ERROR:__main__:Такого предмета нет в системе
